{"C:\\Users\\resuj\\Desktop\\apps\\1.pokemon-app\\index.ts": {"path":"C:\\Users\\resuj\\Desktop\\apps\\1.pokemon-app\\index.ts","statementMap":{"0":{"start":{"line":1,"column":0},"end":{"line":1,"column":30}},"1":{"start":{"line":2,"column":0},"end":{"line":2,"column":51}},"2":{"start":{"line":4,"column":13},"end":{"line":4,"column":29}},"3":{"start":{"line":5,"column":0},"end":{"line":5,"column":24}},"4":{"start":{"line":6,"column":0},"end":{"line":6,"column":35}},"5":{"start":{"line":10,"column":0},"end":{"line":14,"column":1}},"6":{"start":{"line":11,"column":4},"end":{"line":13,"column":7}},"7":{"start":{"line":12,"column":8},"end":{"line":12,"column":63}}},"fnMap":{"0":{"name":"(anonymous_1)","decl":{"start":{"line":11,"column":21},"end":{"line":11,"column":24}},"loc":{"start":{"line":11,"column":26},"end":{"line":13,"column":5}}}},"branchMap":{"0":{"loc":{"start":{"line":10,"column":0},"end":{"line":14,"column":1}},"type":"if","locations":[{"start":{"line":10,"column":0},"end":{"line":14,"column":1}},{"start":{},"end":{}}]}},"s":{"0":2,"1":2,"2":2,"3":2,"4":2,"5":2,"6":0,"7":0},"f":{"0":0},"b":{"0":[0,2]}}
,"C:\\Users\\resuj\\Desktop\\apps\\1.pokemon-app\\controllers\\pokemonController.ts": {"path":"C:\\Users\\resuj\\Desktop\\apps\\1.pokemon-app\\controllers\\pokemonController.ts","statementMap":{"0":{"start":{"line":5,"column":0},"end":{"line":5,"column":7}},"1":{"start":{"line":12,"column":0},"end":{"line":12,"column":7}},"2":{"start":{"line":2,"column":0},"end":{"line":2,"column":78}},"3":{"start":{"line":6,"column":21},"end":{"line":6,"column":31}},"4":{"start":{"line":7,"column":19},"end":{"line":7,"column":48}},"5":{"start":{"line":8,"column":4},"end":{"line":8,"column":21}},"6":{"start":{"line":13,"column":21},"end":{"line":13,"column":31}},"7":{"start":{"line":14,"column":19},"end":{"line":14,"column":48}},"8":{"start":{"line":15,"column":4},"end":{"line":15,"column":21}}},"fnMap":{"0":{"name":"getPokemonByName","decl":{"start":{"line":5,"column":22},"end":{"line":5,"column":38}},"loc":{"start":{"line":5,"column":66},"end":{"line":9,"column":1}}},"1":{"name":"getPokemonByType","decl":{"start":{"line":12,"column":22},"end":{"line":12,"column":38}},"loc":{"start":{"line":12,"column":66},"end":{"line":16,"column":1}}}},"branchMap":{},"s":{"0":2,"1":2,"2":2,"3":4,"4":4,"5":4,"6":4,"7":4,"8":4},"f":{"0":4,"1":4},"b":{}}
,"C:\\Users\\resuj\\Desktop\\apps\\1.pokemon-app\\models\\pokemonModel.ts": {"path":"C:\\Users\\resuj\\Desktop\\apps\\1.pokemon-app\\models\\pokemonModel.ts","statementMap":{"0":{"start":{"line":26,"column":0},"end":{"line":26,"column":7}},"1":{"start":{"line":38,"column":0},"end":{"line":38,"column":7}},"2":{"start":{"line":1,"column":0},"end":{"line":1,"column":26}},"3":{"start":{"line":11,"column":4},"end":{"line":22,"column":5}},"4":{"start":{"line":12,"column":25},"end":{"line":12,"column":99}},"5":{"start":{"line":13,"column":21},"end":{"line":13,"column":null}},"6":{"start":{"line":18,"column":22},"end":{"line":18,"column":84}},"7":{"start":{"line":18,"column":72},"end":{"line":18,"column":83}},"8":{"start":{"line":19,"column":8},"end":{"line":19,"column":72}},"9":{"start":{"line":21,"column":8},"end":{"line":21,"column":20}},"10":{"start":{"line":29,"column":20},"end":{"line":29,"column":48}},"11":{"start":{"line":30,"column":4},"end":{"line":34,"column":5}},"12":{"start":{"line":31,"column":8},"end":{"line":31,"column":81}},"13":{"start":{"line":33,"column":8},"end":{"line":33,"column":95}},"14":{"start":{"line":41,"column":4},"end":{"line":55,"column":5}},"15":{"start":{"line":42,"column":25},"end":{"line":42,"column":96}},"16":{"start":{"line":43,"column":21},"end":{"line":43,"column":82}},"17":{"start":{"line":44,"column":36},"end":{"line":44,"column":38}},"18":{"start":{"line":46,"column":8},"end":{"line":49,"column":9}},"19":{"start":{"line":47,"column":22},"end":{"line":47,"column":64}},"20":{"start":{"line":48,"column":12},"end":{"line":48,"column":36}},"21":{"start":{"line":48,"column":19},"end":{"line":48,"column":36}},"22":{"start":{"line":51,"column":8},"end":{"line":51,"column":111}},"23":{"start":{"line":51,"column":35},"end":{"line":51,"column":111}},"24":{"start":{"line":52,"column":8},"end":{"line":52,"column":104}},"25":{"start":{"line":54,"column":8},"end":{"line":54,"column":84}}},"fnMap":{"0":{"name":"fetchPokemonData","decl":{"start":{"line":10,"column":15},"end":{"line":10,"column":31}},"loc":{"start":{"line":10,"column":44},"end":{"line":23,"column":1}}},"1":{"name":"(anonymous_2)","decl":{"start":{"line":18,"column":37},"end":{"line":18,"column":38}},"loc":{"start":{"line":18,"column":72},"end":{"line":18,"column":83}}},"2":{"name":"findPokemonByName","decl":{"start":{"line":26,"column":22},"end":{"line":26,"column":39}},"loc":{"start":{"line":27,"column":16},"end":{"line":35,"column":1}}},"3":{"name":"findPokemonByType","decl":{"start":{"line":38,"column":22},"end":{"line":38,"column":39}},"loc":{"start":{"line":39,"column":16},"end":{"line":56,"column":1}}}},"branchMap":{"0":{"loc":{"start":{"line":30,"column":4},"end":{"line":34,"column":5}},"type":"if","locations":[{"start":{"line":30,"column":4},"end":{"line":34,"column":5}},{"start":{"line":32,"column":11},"end":{"line":34,"column":5}}]},"1":{"loc":{"start":{"line":48,"column":12},"end":{"line":48,"column":36}},"type":"if","locations":[{"start":{"line":48,"column":12},"end":{"line":48,"column":36}},{"start":{},"end":{}}]},"2":{"loc":{"start":{"line":51,"column":8},"end":{"line":51,"column":111}},"type":"if","locations":[{"start":{"line":51,"column":8},"end":{"line":51,"column":111}},{"start":{},"end":{}}]}},"s":{"0":2,"1":2,"2":2,"3":224,"4":224,"5":222,"6":222,"7":338,"8":222,"9":2,"10":4,"11":4,"12":2,"13":2,"14":4,"15":4,"16":4,"17":4,"18":4,"19":220,"20":220,"21":220,"22":4,"23":2,"24":2,"25":0},"f":{"0":224,"1":338,"2":4,"3":4},"b":{"0":[2,2],"1":[220,0],"2":[2,2]}}
,"C:\\Users\\resuj\\Desktop\\apps\\1.pokemon-app\\routes\\pokemonRoutes.ts": {"path":"C:\\Users\\resuj\\Desktop\\apps\\1.pokemon-app\\routes\\pokemonRoutes.ts","statementMap":{"0":{"start":{"line":1,"column":0},"end":{"line":1,"column":30}},"1":{"start":{"line":2,"column":0},"end":{"line":2,"column":86}},"2":{"start":{"line":4,"column":15},"end":{"line":4,"column":31}},"3":{"start":{"line":6,"column":0},"end":{"line":6,"column":44}},"4":{"start":{"line":8,"column":0},"end":{"line":8,"column":44}},"5":{"start":{"line":10,"column":0},"end":{"line":10,"column":22}}},"fnMap":{},"branchMap":{},"s":{"0":2,"1":2,"2":2,"3":2,"4":2,"5":2},"f":{},"b":{}}
}
