TN:
SF:index.ts
FN:11,(anonymous_1)
FNF:1
FNH:0
FNDA:0,(anonymous_1)
DA:1,2
DA:2,2
DA:4,2
DA:5,2
DA:6,2
DA:10,2
DA:11,0
DA:12,0
LF:8
LH:6
BRDA:10,0,0,0
BRDA:10,0,1,2
BRF:2
BRH:1
end_of_record
TN:
SF:controllers\pokemonController.ts
FN:5,getPokemonByName
FN:12,getPokemonByType
FNF:2
FNH:2
FNDA:4,getPokemonByName
FNDA:4,getPokemonByType
DA:2,2
DA:5,2
DA:6,4
DA:7,4
DA:8,4
DA:12,2
DA:13,4
DA:14,4
DA:15,4
LF:9
LH:9
BRF:0
BRH:0
end_of_record
TN:
SF:models\pokemonModel.ts
FN:10,fetchPokemonData
FN:18,(anonymous_2)
FN:26,findPokemonByName
FN:38,findPokemonByType
FNF:4
FNH:4
FNDA:224,fetchPokemonData
FNDA:338,(anonymous_2)
FNDA:4,findPokemonByName
FNDA:4,findPokemonByType
DA:1,2
DA:11,224
DA:12,224
DA:13,222
DA:18,338
DA:19,222
DA:21,2
DA:26,2
DA:29,4
DA:30,4
DA:31,2
DA:33,2
DA:38,2
DA:41,4
DA:42,4
DA:43,4
DA:44,4
DA:46,4
DA:47,220
DA:48,220
DA:51,4
DA:52,2
DA:54,0
LF:23
LH:22
BRDA:30,0,0,2
BRDA:30,0,1,2
BRDA:48,1,0,220
BRDA:48,1,1,0
BRDA:51,2,0,2
BRDA:51,2,1,2
BRF:6
BRH:5
end_of_record
TN:
SF:routes\pokemonRoutes.ts
FNF:0
FNH:0
DA:1,2
DA:2,2
DA:4,2
DA:6,2
DA:8,2
DA:10,2
LF:6
LH:6
BRF:0
BRH:0
end_of_record
